<?xml version="1.0" encoding="UTF-8"?>
<!-- Generated by org.testng.reporters.JUnitReportReporter -->
<testsuite hostname="DESKTOP-8T8S9A5" name="demoTestng.DemoParall1" tests="1" failures="0" timestamp="23 Jul 2021 11:29:27 GMT" time="20.492" errors="0">
  <testcase name="tc1" time="20.492" classname="demoTestng.DemoParall1"/>
</testsuite> <!-- demoTestng.DemoParall1 -->
