<?xml version="1.0" encoding="UTF-8"?>
<!-- Generated by org.testng.reporters.JUnitReportReporter -->
<testsuite hostname="DESKTOP-8T8S9A5" name="demoTestng.Demo" tests="2" failures="0" timestamp="22 Jul 2021 10:53:23 GMT" time="0.020" errors="0">
  <testcase name="tc2" time="0.005" classname="demoTestng.Demo"/>
  <testcase name="tc1" time="0.015" classname="demoTestng.Demo"/>
</testsuite> <!-- demoTestng.Demo -->
