<?xml version="1.0" encoding="UTF-8"?>
<!-- Generated by org.testng.reporters.JUnitReportReporter -->
<testsuite hostname="DESKTOP-8T8S9A5" name="demoTestng.ReadDataP" tests="5" failures="0" timestamp="23 Jul 2021 10:55:43 GMT" time="84.032" errors="0">
  <testcase name="tc" time="13.962" classname="demoTestng.ReadDataP"/>
  <testcase name="tc" time="15.178" classname="demoTestng.ReadDataP"/>
  <testcase name="tc" time="19.367" classname="demoTestng.ReadDataP"/>
  <testcase name="tc" time="23.298" classname="demoTestng.ReadDataP"/>
  <testcase name="tc" time="12.227" classname="demoTestng.ReadDataP"/>
</testsuite> <!-- demoTestng.ReadDataP -->
