<?xml version="1.0" encoding="UTF-8"?>
<!-- Generated by org.testng.reporters.JUnitReportReporter -->
<testsuite hostname="DESKTOP-8T8S9A5" name="demoTestng.Demo1" tests="2" failures="0" timestamp="21 Jul 2021 12:08:20 GMT" time="28.906" errors="0">
  <testcase name="tc_01" time="15.795" classname="demoTestng.Demo1"/>
  <testcase name="tc_02" time="13.111" classname="demoTestng.Demo1"/>
</testsuite> <!-- demoTestng.Demo1 -->
