<?xml version="1.0" encoding="UTF-8"?>
<!-- Generated by org.testng.reporters.JUnitReportReporter -->
<testsuite hostname="DESKTOP-8T8S9A5" name="demoTestng.Google" tests="2" failures="0" timestamp="26 Jul 2021 10:37:34 GMT" time="96.107" errors="0">
  <testcase name="tc" time="50.589" classname="demoTestng.Google"/>
  <testcase name="tc" time="45.518" classname="demoTestng.Google"/>
</testsuite> <!-- demoTestng.Google -->
