<?xml version="1.0" encoding="UTF-8"?>
<!-- Generated by org.testng.reporters.JUnitReportReporter -->
<testsuite hostname="DESKTOP-8T8S9A5" name="demoTestng.DemoParall2" tests="1" failures="0" timestamp="23 Jul 2021 11:29:27 GMT" time="16.625" errors="0">
  <testcase name="tc2" time="16.625" classname="demoTestng.DemoParall2"/>
</testsuite> <!-- demoTestng.DemoParall2 -->
