<?xml version="1.0" encoding="UTF-8"?>
<!-- Generated by org.testng.reporters.JUnitReportReporter -->
<testsuite hostname="DESKTOP-8T8S9A5" name="demoTestng.DemoMP" tests="2" failures="0" timestamp="23 Jul 2021 11:48:38 GMT" time="35.239" errors="0">
  <testcase name="tc1" time="17.442" classname="demoTestng.DemoMP"/>
  <testcase name="tc2" time="17.797" classname="demoTestng.DemoMP"/>
</testsuite> <!-- demoTestng.DemoMP -->
