<?xml version="1.0" encoding="UTF-8"?>
<!-- Generated by org.testng.reporters.JUnitReportReporter -->
<testsuite hostname="DESKTOP-8T8S9A5" name="demoTestng.DataProviderDemo" tests="3" failures="0" timestamp="23 Jul 2021 10:42:01 GMT" time="0.037" errors="0">
  <testcase name="tc" time="0.002" classname="demoTestng.DataProviderDemo"/>
  <testcase name="tc" time="0.001" classname="demoTestng.DataProviderDemo"/>
  <testcase name="tc" time="0.034" classname="demoTestng.DataProviderDemo"/>
</testsuite> <!-- demoTestng.DataProviderDemo -->
